Build started 2011/9/22 22:30:33.
     1>Project "G:\Visual Studio 2010 Projects\C-Story\VS2010\C-Story.vcxproj" on node 2 (build target(s)).
     1>InitializeBuildStatus:
         Creating "Debug\C-Story.unsuccessfulbuild" because "AlwaysCreate" was specified.
       ClCompile:
         F:\Program Files\Microsoft Visual Studio 10.0\VC\bin\CL.exe /c /ZI /nologo /W3 /WX- /Od /Oy- /D WIN32 /D _DEBUG /D _CONSOLE /D _UNICODE /D UNICODE /Gm /EHsc /RTC1 /MDd /GS /fp:precise /Zc:wchar_t /Zc:forScope /Fo"Debug\\" /Fd"Debug\vc100.pdb" /Gd /TP /analyze- /errorReport:prompt ..\lh.cpp ..\qrj.cpp ..\zgn.cpp
         zgn.cpp
         qrj.cpp
         lh.cpp
         Generating Code...
       ManifestResourceCompile:
         All outputs are up-to-date.
       Link:
         F:\Program Files\Microsoft Visual Studio 10.0\VC\bin\link.exe /ERRORREPORT:PROMPT /OUT:"G:\Visual Studio 2010 Projects\C-Story\VS2010\Debug\C-Story.exe" /INCREMENTAL /NOLOGO kernel32.lib user32.lib gdi32.lib winspool.lib comdlg32.lib advapi32.lib shell32.lib ole32.lib oleaut32.lib uuid.lib odbc32.lib odbccp32.lib /MANIFEST /ManifestFile:"Debug\C-Story.exe.intermediate.manifest" /MANIFESTUAC:"level='asInvoker' uiAccess='false'" /DEBUG /PDB:"G:\Visual Studio 2010 Projects\C-Story\VS2010\Debug\C-Story.pdb" /SUBSYSTEM:CONSOLE /TLBID:1 /DYNAMICBASE /NXCOMPAT /IMPLIB:"G:\Visual Studio 2010 Projects\C-Story\VS2010\Debug\C-Story.lib" /MACHINE:X86 "Debug\C-Story.exe.embed.manifest.res"
         "Debug\C-Story.obj"
         Debug\jdq.obj
         Debug\lh.obj
         Debug\qrj.obj
         Debug\zgn.obj
       Manifest:
         F:\Program Files\Microsoft SDKs\Windows\v7.0A\bin\mt.exe /nologo /verbose /out:"Debug\C-Story.exe.embed.manifest" /manifest "Debug\C-Story.exe.intermediate.manifest"
         All outputs are up-to-date.
       LinkEmbedManifest:
         All outputs are up-to-date.
         C-Story.vcxproj -> G:\Visual Studio 2010 Projects\C-Story\VS2010\Debug\C-Story.exe
       FinalizeBuildStatus:
         Deleting file "Debug\C-Story.unsuccessfulbuild".
         Touching "Debug\C-Story.lastbuildstate".
     1>Done Building Project "G:\Visual Studio 2010 Projects\C-Story\VS2010\C-Story.vcxproj" (build target(s)).

Build succeeded.

Time Elapsed 00:00:02.28
